<?xml version="1.0" encoding="UTF-8"?>
<!-- Generated by org.testng.reporters.JUnitReportReporter -->
<testsuite skipped="0" hostname="Ahmad" name="restAPIBDD.PutRequest" tests="1" failures="0" timestamp="2021-11-27T18:48:47 GST" time="3.993" errors="0">
  <testcase name="PutCall" time="3.993" classname="restAPIBDD.PutRequest"/>
  <system-out/>
</testsuite> <!-- restAPIBDD.PutRequest -->
