<?xml version="1.0" encoding="UTF-8"?>
<!-- Generated by org.testng.reporters.JUnitReportReporter -->
<testsuite skipped="0" hostname="Ahmad" name="restAPI.PostRequestWithJsonobject" tests="1" failures="0" timestamp="21 Nov 2021 14:18:59 GMT" time="2.424" errors="0">
  <testcase name="PostCall" time="2.424" classname="restAPI.PostRequestWithJsonobject"/>
</testsuite> <!-- restAPI.PostRequestWithJsonobject -->
