<?xml version="1.0" encoding="UTF-8"?>
<!-- Generated by org.testng.reporters.JUnitReportReporter -->
<testsuite skipped="0" hostname="Ahmad" name="restAPI.GetRequestWihParams" tests="1" failures="0" timestamp="20 Nov 2021 17:02:07 GMT" time="3.065" errors="0">
  <testcase name="GetCall" time="3.065" classname="restAPI.GetRequestWihParams"/>
</testsuite> <!-- restAPI.GetRequestWihParams -->
