<?xml version="1.0" encoding="UTF-8"?>
<!-- Generated by org.testng.reporters.JUnitReportReporter -->
<testsuite skipped="0" hostname="Ahmad" name="RestAPIXML.XMLRequest" tests="3" failures="0" timestamp="2021-11-27T19:31:16 GST" time="6.366" errors="0">
  <testcase name="test3" time="0.970" classname="RestAPIXML.XMLRequest"/>
  <system-out/>
  <testcase name="test2" time="1.752" classname="RestAPIXML.XMLRequest"/>
  <system-out/>
  <testcase name="test1" time="3.644" classname="RestAPIXML.XMLRequest"/>
  <system-out/>
</testsuite> <!-- RestAPIXML.XMLRequest -->
