<?xml version="1.0" encoding="UTF-8"?>
<!-- Generated by org.testng.reporters.JUnitReportReporter -->
<testsuite skipped="0" hostname="Ahmad" name="restAPIBDD.PostRequest" tests="1" failures="0" timestamp="2021-11-27T18:40:21 GST" time="3.831" errors="0">
  <testcase name="PostCall" time="3.831" classname="restAPIBDD.PostRequest"/>
  <system-out/>
</testsuite> <!-- restAPIBDD.PostRequest -->
