<?xml version="1.0" encoding="UTF-8"?>
<!-- Generated by org.testng.reporters.JUnitReportReporter -->
<testsuite skipped="0" hostname="Ahmad" name="restAPI.PostRequest" tests="1" failures="0" timestamp="21 Nov 2021 14:16:39 GMT" time="2.085" errors="0">
  <testcase name="PostCall" time="2.085" classname="restAPI.PostRequest"/>
</testsuite> <!-- restAPI.PostRequest -->
