<?xml version="1.0" encoding="UTF-8"?>
<!-- Generated by org.testng.reporters.JUnitReportReporter -->
<testsuite skipped="0" hostname="Ahmad" name="restAPIBDD.DeleteRequest" tests="1" failures="0" timestamp="2021-11-27T18:56:51 GST" time="2.613" errors="0">
  <testcase name="DeleteCall" time="2.613" classname="restAPIBDD.DeleteRequest"/>
  <system-out/>
</testsuite> <!-- restAPIBDD.DeleteRequest -->
