<?xml version="1.0" encoding="UTF-8"?>
<!-- Generated by org.testng.reporters.JUnitReportReporter -->
<testsuite skipped="0" hostname="Ahmad" name="restAPIBDD.GetRequest" tests="1" failures="0" timestamp="2021-11-27T18:19:46 GST" time="3.892" errors="0">
  <testcase name="GetCall" time="3.892" classname="restAPIBDD.GetRequest"/>
  <system-out/>
</testsuite> <!-- restAPIBDD.GetRequest -->
