<?xml version="1.0" encoding="UTF-8"?>
<!-- Generated by org.testng.reporters.JUnitReportReporter -->
<testsuite skipped="0" hostname="Ahmad" name="restAPIChaining.EndToEndTest" tests="1" failures="0" timestamp="27 Nov 2021 15:59:48 GMT" time="4.294" errors="0">
  <testcase name="Test1" time="4.294" classname="restAPIChaining.EndToEndTest"/>
</testsuite> <!-- restAPIChaining.EndToEndTest -->
